[2024-10-06 23:03:03,838] INFO [Controller id=0] Processing automatic preferred replica leader election (kafka.controller.KafkaController)
[2024-10-06 23:03:03,841] TRACE [Controller id=0] Checking need to trigger auto leader balancing (kafka.controller.KafkaController)
[2024-10-06 23:03:03,842] DEBUG [Controller id=0] Topics not in preferred replica for broker 0 HashMap() (kafka.controller.KafkaController)
[2024-10-06 23:03:03,842] TRACE [Controller id=0] Leader imbalance ratio for broker 0 is 0.0 (kafka.controller.KafkaController)
[2024-10-06 23:08:03,842] INFO [Controller id=0] Processing automatic preferred replica leader election (kafka.controller.KafkaController)
[2024-10-06 23:08:03,842] TRACE [Controller id=0] Checking need to trigger auto leader balancing (kafka.controller.KafkaController)
[2024-10-06 23:08:03,843] DEBUG [Controller id=0] Topics not in preferred replica for broker 0 HashMap() (kafka.controller.KafkaController)
[2024-10-06 23:08:03,843] TRACE [Controller id=0] Leader imbalance ratio for broker 0 is 0.0 (kafka.controller.KafkaController)
[2024-10-06 23:13:03,843] INFO [Controller id=0] Processing automatic preferred replica leader election (kafka.controller.KafkaController)
[2024-10-06 23:13:03,843] TRACE [Controller id=0] Checking need to trigger auto leader balancing (kafka.controller.KafkaController)
[2024-10-06 23:13:03,844] DEBUG [Controller id=0] Topics not in preferred replica for broker 0 HashMap() (kafka.controller.KafkaController)
[2024-10-06 23:13:03,844] TRACE [Controller id=0] Leader imbalance ratio for broker 0 is 0.0 (kafka.controller.KafkaController)
[2024-10-06 23:13:56,210] INFO [Controller id=0] New topics: [HashSet(testreq)], deleted topics: [HashSet()], new partition replica assignment [Set(TopicIdReplicaAssignment(testreq,Some(p48-9XnhR5G_H4mz4lx3jA),Map(testreq-0 -> ReplicaAssignment(replicas=0, addingReplicas=, removingReplicas=))))] (kafka.controller.KafkaController)
[2024-10-06 23:13:56,210] INFO [Controller id=0] New partition creation callback for testreq-0 (kafka.controller.KafkaController)
[2024-10-06 23:13:56,225] INFO [RequestSendThread controllerId=0] Controller 0 connected to RXDS:9092 (id: 0 rack: null) for sending state change requests (kafka.controller.RequestSendThread)
[2024-10-06 23:14:16,531] INFO [Controller id=0] New topics: [HashSet(testrep)], deleted topics: [HashSet()], new partition replica assignment [Set(TopicIdReplicaAssignment(testrep,Some(vR0pQBqtT5WnqfqowVgcRg),Map(testrep-0 -> ReplicaAssignment(replicas=0, addingReplicas=, removingReplicas=))))] (kafka.controller.KafkaController)
[2024-10-06 23:14:16,531] INFO [Controller id=0] New partition creation callback for testrep-0 (kafka.controller.KafkaController)
[2024-10-06 23:18:03,844] INFO [Controller id=0] Processing automatic preferred replica leader election (kafka.controller.KafkaController)
[2024-10-06 23:18:03,844] TRACE [Controller id=0] Checking need to trigger auto leader balancing (kafka.controller.KafkaController)
[2024-10-06 23:18:03,845] DEBUG [Controller id=0] Topics not in preferred replica for broker 0 HashMap() (kafka.controller.KafkaController)
[2024-10-06 23:18:03,845] TRACE [Controller id=0] Leader imbalance ratio for broker 0 is 0.0 (kafka.controller.KafkaController)
[2024-10-06 23:23:03,845] INFO [Controller id=0] Processing automatic preferred replica leader election (kafka.controller.KafkaController)
[2024-10-06 23:23:03,846] TRACE [Controller id=0] Checking need to trigger auto leader balancing (kafka.controller.KafkaController)
[2024-10-06 23:23:03,846] DEBUG [Controller id=0] Topics not in preferred replica for broker 0 HashMap() (kafka.controller.KafkaController)
[2024-10-06 23:23:03,846] TRACE [Controller id=0] Leader imbalance ratio for broker 0 is 0.0 (kafka.controller.KafkaController)
