[2024-10-07T16:47:20.752+0200][gc,init] CardTable entry size: 512
[2024-10-07T16:47:20.753+0200][gc     ] Using G1
[2024-10-07T16:47:20.788+0200][gc,init] Version: 22.0.2+9 (release)
[2024-10-07T16:47:20.788+0200][gc,init] CPUs: 12 total, 12 available
[2024-10-07T16:47:20.789+0200][gc,init] Memory: 31933M
[2024-10-07T16:47:20.789+0200][gc,init] Large Page Support: Disabled
[2024-10-07T16:47:20.789+0200][gc,init] NUMA Support: Disabled
[2024-10-07T16:47:20.789+0200][gc,init] Compressed Oops: Enabled (32-bit)
[2024-10-07T16:47:20.789+0200][gc,init] Heap Region Size: 1M
[2024-10-07T16:47:20.789+0200][gc,init] Heap Min Capacity: 1G
[2024-10-07T16:47:20.789+0200][gc,init] Heap Initial Capacity: 1G
[2024-10-07T16:47:20.789+0200][gc,init] Heap Max Capacity: 1G
[2024-10-07T16:47:20.789+0200][gc,init] Pre-touch: Disabled
[2024-10-07T16:47:20.789+0200][gc,init] Parallel Workers: 10
[2024-10-07T16:47:20.789+0200][gc,init] Concurrent Workers: 3
[2024-10-07T16:47:20.789+0200][gc,init] Concurrent Refinement Workers: 10
[2024-10-07T16:47:20.789+0200][gc,init] Periodic GC: Disabled
[2024-10-07T16:47:20.820+0200][gc,metaspace] CDS archive(s) mapped at: [0x00007f594e000000-0x00007f594ec75000-0x00007f594ec75000), size 13062144, SharedBaseAddress: 0x00007f594e000000, ArchiveRelocationMode: 1.
[2024-10-07T16:47:20.820+0200][gc,metaspace] Compressed class space mapped at: 0x00007f594f000000-0x00007f598f000000, reserved size: 1073741824
[2024-10-07T16:47:20.820+0200][gc,metaspace] Narrow klass base: 0x00007f594e000000, Narrow klass shift: 0, Narrow klass range: 0x100000000
[2024-10-07T16:47:29.470+0200][gc,start    ] GC(0) Pause Young (Normal) (G1 Evacuation Pause)
[2024-10-07T16:47:29.474+0200][gc,task     ] GC(0) Using 10 workers of 10 for evacuation
[2024-10-07T16:47:29.488+0200][gc,phases   ] GC(0)   Pre Evacuate Collection Set: 0.80ms
[2024-10-07T16:47:29.488+0200][gc,phases   ] GC(0)   Merge Heap Roots: 0.38ms
[2024-10-07T16:47:29.488+0200][gc,phases   ] GC(0)   Evacuate Collection Set: 11.37ms
[2024-10-07T16:47:29.488+0200][gc,phases   ] GC(0)   Post Evacuate Collection Set: 1.49ms
[2024-10-07T16:47:29.488+0200][gc,phases   ] GC(0)   Other: 4.27ms
[2024-10-07T16:47:29.489+0200][gc,heap     ] GC(0) Eden regions: 51->0(44)
[2024-10-07T16:47:29.489+0200][gc,heap     ] GC(0) Survivor regions: 0->7(7)
[2024-10-07T16:47:29.489+0200][gc,heap     ] GC(0) Old regions: 2->4
[2024-10-07T16:47:29.489+0200][gc,heap     ] GC(0) Humongous regions: 0->0
[2024-10-07T16:47:29.489+0200][gc,metaspace] GC(0) Metaspace: 17119K(17344K)->17119K(17344K) NonClass: 15091K(15232K)->15091K(15232K) Class: 2028K(2112K)->2028K(2112K)
[2024-10-07T16:47:29.489+0200][gc          ] GC(0) Pause Young (Normal) (G1 Evacuation Pause) 52M->9M(1024M) 19.064ms
[2024-10-07T16:47:29.489+0200][gc,cpu      ] GC(0) User=0.07s Sys=0.04s Real=0.02s
[2024-10-07T16:47:30.392+0200][gc,start    ] GC(1) Pause Young (Concurrent Start) (Metadata GC Threshold)
[2024-10-07T16:47:30.392+0200][gc,task     ] GC(1) Using 10 workers of 10 for evacuation
[2024-10-07T16:47:30.405+0200][gc,phases   ] GC(1)   Pre Evacuate Collection Set: 0.90ms
[2024-10-07T16:47:30.405+0200][gc,phases   ] GC(1)   Merge Heap Roots: 0.14ms
[2024-10-07T16:47:30.405+0200][gc,phases   ] GC(1)   Evacuate Collection Set: 10.08ms
[2024-10-07T16:47:30.405+0200][gc,phases   ] GC(1)   Post Evacuate Collection Set: 1.18ms
[2024-10-07T16:47:30.405+0200][gc,phases   ] GC(1)   Other: 0.42ms
[2024-10-07T16:47:30.405+0200][gc,heap     ] GC(1) Eden regions: 17->0(49)
[2024-10-07T16:47:30.405+0200][gc,heap     ] GC(1) Survivor regions: 7->2(7)
[2024-10-07T16:47:30.405+0200][gc,heap     ] GC(1) Old regions: 4->10
[2024-10-07T16:47:30.405+0200][gc,heap     ] GC(1) Humongous regions: 0->0
[2024-10-07T16:47:30.405+0200][gc,metaspace] GC(1) Metaspace: 21251K(21504K)->21251K(21504K) NonClass: 18714K(18880K)->18714K(18880K) Class: 2536K(2624K)->2536K(2624K)
[2024-10-07T16:47:30.405+0200][gc          ] GC(1) Pause Young (Concurrent Start) (Metadata GC Threshold) 25M->10M(1024M) 13.351ms
[2024-10-07T16:47:30.405+0200][gc,cpu      ] GC(1) User=0.07s Sys=0.02s Real=0.01s
[2024-10-07T16:47:30.405+0200][gc          ] GC(2) Concurrent Mark Cycle
[2024-10-07T16:47:30.405+0200][gc,marking  ] GC(2) Concurrent Scan Root Regions
[2024-10-07T16:47:30.412+0200][gc,marking  ] GC(2) Concurrent Scan Root Regions 6.604ms
[2024-10-07T16:47:30.412+0200][gc,marking  ] GC(2) Concurrent Mark
[2024-10-07T16:47:30.412+0200][gc,marking  ] GC(2) Concurrent Mark From Roots
[2024-10-07T16:47:30.412+0200][gc,task     ] GC(2) Using 3 workers of 3 for marking
[2024-10-07T16:47:30.419+0200][gc,marking  ] GC(2) Concurrent Mark From Roots 7.199ms
[2024-10-07T16:47:30.420+0200][gc,marking  ] GC(2) Concurrent Preclean
[2024-10-07T16:47:30.420+0200][gc,marking  ] GC(2) Concurrent Preclean 0.029ms
[2024-10-07T16:47:30.420+0200][gc,start    ] GC(2) Pause Remark
[2024-10-07T16:47:30.424+0200][gc          ] GC(2) Pause Remark 11M->11M(1024M) 4.663ms
[2024-10-07T16:47:30.425+0200][gc,cpu      ] GC(2) User=0.01s Sys=0.00s Real=0.00s
[2024-10-07T16:47:30.425+0200][gc,marking  ] GC(2) Concurrent Mark 12.479ms
[2024-10-07T16:47:30.425+0200][gc,marking  ] GC(2) Concurrent Rebuild Remembered Sets and Scrub Regions
[2024-10-07T16:47:30.432+0200][gc,marking  ] GC(2) Concurrent Rebuild Remembered Sets and Scrub Regions 6.917ms
[2024-10-07T16:47:30.434+0200][gc,start    ] GC(2) Pause Cleanup
[2024-10-07T16:47:30.435+0200][gc          ] GC(2) Pause Cleanup 11M->11M(1024M) 0.675ms
[2024-10-07T16:47:30.435+0200][gc,cpu      ] GC(2) User=0.00s Sys=0.00s Real=0.00s
[2024-10-07T16:47:30.435+0200][gc,marking  ] GC(2) Concurrent Clear Claimed Marks
[2024-10-07T16:47:30.435+0200][gc,marking  ] GC(2) Concurrent Clear Claimed Marks 0.075ms
[2024-10-07T16:47:30.435+0200][gc,marking  ] GC(2) Concurrent Cleanup for Next Mark
[2024-10-07T16:47:30.447+0200][gc,marking  ] GC(2) Concurrent Cleanup for Next Mark 11.543ms
[2024-10-07T16:47:30.447+0200][gc          ] GC(2) Concurrent Mark Cycle 41.498ms
[2024-10-07T16:47:32.566+0200][gc,start    ] GC(3) Pause Young (Prepare Mixed) (G1 Evacuation Pause)
[2024-10-07T16:47:32.566+0200][gc,task     ] GC(3) Using 10 workers of 10 for evacuation
[2024-10-07T16:47:32.574+0200][gc,phases   ] GC(3)   Pre Evacuate Collection Set: 0.41ms
[2024-10-07T16:47:32.574+0200][gc,phases   ] GC(3)   Merge Heap Roots: 0.17ms
[2024-10-07T16:47:32.574+0200][gc,phases   ] GC(3)   Evacuate Collection Set: 6.04ms
[2024-10-07T16:47:32.574+0200][gc,phases   ] GC(3)   Post Evacuate Collection Set: 1.09ms
[2024-10-07T16:47:32.574+0200][gc,phases   ] GC(3)   Other: 0.15ms
[2024-10-07T16:47:32.574+0200][gc,heap     ] GC(3) Eden regions: 49->0(45)
[2024-10-07T16:47:32.574+0200][gc,heap     ] GC(3) Survivor regions: 2->6(7)
[2024-10-07T16:47:32.574+0200][gc,heap     ] GC(3) Old regions: 10->10
[2024-10-07T16:47:32.574+0200][gc,heap     ] GC(3) Humongous regions: 129->129
[2024-10-07T16:47:32.574+0200][gc,metaspace] GC(3) Metaspace: 30314K(30592K)->30314K(30592K) NonClass: 26874K(27008K)->26874K(27008K) Class: 3439K(3584K)->3439K(3584K)
[2024-10-07T16:47:32.574+0200][gc          ] GC(3) Pause Young (Prepare Mixed) (G1 Evacuation Pause) 188M->143M(1024M) 8.352ms
[2024-10-07T16:47:32.574+0200][gc,cpu      ] GC(3) User=0.05s Sys=0.01s Real=0.01s
[2024-10-07T16:47:33.204+0200][gc,start    ] GC(4) Pause Young (Mixed) (Metadata GC Threshold)
[2024-10-07T16:47:33.204+0200][gc,task     ] GC(4) Using 10 workers of 10 for evacuation
[2024-10-07T16:47:33.220+0200][gc,phases   ] GC(4)   Pre Evacuate Collection Set: 0.43ms
[2024-10-07T16:47:33.220+0200][gc,phases   ] GC(4)   Merge Heap Roots: 0.13ms
[2024-10-07T16:47:33.220+0200][gc,phases   ] GC(4)   Evacuate Collection Set: 14.35ms
[2024-10-07T16:47:33.220+0200][gc,phases   ] GC(4)   Post Evacuate Collection Set: 0.84ms
[2024-10-07T16:47:33.220+0200][gc,phases   ] GC(4)   Other: 0.16ms
[2024-10-07T16:47:33.220+0200][gc,heap     ] GC(4) Eden regions: 23->0(48)
[2024-10-07T16:47:33.220+0200][gc,heap     ] GC(4) Survivor regions: 6->3(7)
[2024-10-07T16:47:33.220+0200][gc,heap     ] GC(4) Old regions: 10->15
[2024-10-07T16:47:33.220+0200][gc,heap     ] GC(4) Humongous regions: 129->129
[2024-10-07T16:47:33.220+0200][gc,metaspace] GC(4) Metaspace: 35680K(35968K)->35680K(35968K) NonClass: 31676K(31808K)->31676K(31808K) Class: 4003K(4160K)->4003K(4160K)
[2024-10-07T16:47:33.220+0200][gc          ] GC(4) Pause Young (Mixed) (Metadata GC Threshold) 166M->145M(1024M) 16.656ms
[2024-10-07T16:47:33.220+0200][gc,cpu      ] GC(4) User=0.09s Sys=0.02s Real=0.02s
[2024-10-07T16:47:33.282+0200][gc,start    ] GC(5) Pause Young (Concurrent Start) (Metadata GC Threshold)
[2024-10-07T16:47:33.282+0200][gc,task     ] GC(5) Using 10 workers of 10 for evacuation
[2024-10-07T16:47:33.288+0200][gc,phases   ] GC(5)   Pre Evacuate Collection Set: 0.68ms
[2024-10-07T16:47:33.288+0200][gc,phases   ] GC(5)   Merge Heap Roots: 0.13ms
[2024-10-07T16:47:33.288+0200][gc,phases   ] GC(5)   Evacuate Collection Set: 3.73ms
[2024-10-07T16:47:33.288+0200][gc,phases   ] GC(5)   Post Evacuate Collection Set: 0.76ms
[2024-10-07T16:47:33.288+0200][gc,phases   ] GC(5)   Other: 0.23ms
[2024-10-07T16:47:33.288+0200][gc,heap     ] GC(5) Eden regions: 2->0(48)
[2024-10-07T16:47:33.288+0200][gc,heap     ] GC(5) Survivor regions: 3->3(7)
[2024-10-07T16:47:33.288+0200][gc,heap     ] GC(5) Old regions: 15->15
[2024-10-07T16:47:33.288+0200][gc,heap     ] GC(5) Humongous regions: 129->129
[2024-10-07T16:47:33.288+0200][gc,metaspace] GC(5) Metaspace: 35908K(36288K)->35908K(36288K) NonClass: 31866K(32064K)->31866K(32064K) Class: 4042K(4224K)->4042K(4224K)
[2024-10-07T16:47:33.288+0200][gc          ] GC(5) Pause Young (Concurrent Start) (Metadata GC Threshold) 146M->145M(1024M) 6.095ms
[2024-10-07T16:47:33.288+0200][gc          ] GC(6) Concurrent Mark Cycle
[2024-10-07T16:47:33.288+0200][gc,marking  ] GC(6) Concurrent Scan Root Regions
[2024-10-07T16:47:33.288+0200][gc,cpu      ] GC(5) User=0.04s Sys=0.00s Real=0.01s
[2024-10-07T16:47:33.293+0200][gc,marking  ] GC(6) Concurrent Scan Root Regions 4.732ms
[2024-10-07T16:47:33.293+0200][gc,marking  ] GC(6) Concurrent Mark
[2024-10-07T16:47:33.293+0200][gc,marking  ] GC(6) Concurrent Mark From Roots
[2024-10-07T16:47:33.293+0200][gc,task     ] GC(6) Using 3 workers of 3 for marking
[2024-10-07T16:47:33.328+0200][gc,marking  ] GC(6) Concurrent Mark From Roots 34.343ms
[2024-10-07T16:47:33.328+0200][gc,marking  ] GC(6) Concurrent Preclean
[2024-10-07T16:47:33.328+0200][gc,marking  ] GC(6) Concurrent Preclean 0.302ms
[2024-10-07T16:47:33.329+0200][gc,start    ] GC(6) Pause Remark
[2024-10-07T16:47:33.336+0200][gc          ] GC(6) Pause Remark 146M->146M(1024M) 6.930ms
[2024-10-07T16:47:33.336+0200][gc,cpu      ] GC(6) User=0.03s Sys=0.00s Real=0.00s
[2024-10-07T16:47:33.336+0200][gc,marking  ] GC(6) Concurrent Mark 42.407ms
[2024-10-07T16:47:33.336+0200][gc,marking  ] GC(6) Concurrent Rebuild Remembered Sets and Scrub Regions
[2024-10-07T16:47:33.351+0200][gc,marking  ] GC(6) Concurrent Rebuild Remembered Sets and Scrub Regions 14.881ms
[2024-10-07T16:47:33.351+0200][gc,start    ] GC(6) Pause Cleanup
[2024-10-07T16:47:33.352+0200][gc          ] GC(6) Pause Cleanup 146M->146M(1024M) 0.534ms
[2024-10-07T16:47:33.352+0200][gc,cpu      ] GC(6) User=0.00s Sys=0.00s Real=0.00s
[2024-10-07T16:47:33.352+0200][gc,marking  ] GC(6) Concurrent Clear Claimed Marks
[2024-10-07T16:47:33.352+0200][gc,marking  ] GC(6) Concurrent Clear Claimed Marks 0.100ms
[2024-10-07T16:47:33.352+0200][gc,marking  ] GC(6) Concurrent Cleanup for Next Mark
[2024-10-07T16:47:33.353+0200][gc,marking  ] GC(6) Concurrent Cleanup for Next Mark 1.582ms
[2024-10-07T16:47:33.354+0200][gc          ] GC(6) Concurrent Mark Cycle 65.151ms
[2024-10-07T16:49:17.048+0200][gc,start    ] GC(7) Pause Young (Prepare Mixed) (G1 Evacuation Pause)
[2024-10-07T16:49:17.048+0200][gc,task     ] GC(7) Using 10 workers of 10 for evacuation
[2024-10-07T16:49:17.063+0200][gc,phases   ] GC(7)   Pre Evacuate Collection Set: 0.77ms
[2024-10-07T16:49:17.063+0200][gc,phases   ] GC(7)   Merge Heap Roots: 0.21ms
[2024-10-07T16:49:17.063+0200][gc,phases   ] GC(7)   Evacuate Collection Set: 11.13ms
[2024-10-07T16:49:17.063+0200][gc,phases   ] GC(7)   Post Evacuate Collection Set: 2.30ms
[2024-10-07T16:49:17.063+0200][gc,phases   ] GC(7)   Other: 0.23ms
[2024-10-07T16:49:17.063+0200][gc,heap     ] GC(7) Eden regions: 48->0(45)
[2024-10-07T16:49:17.063+0200][gc,heap     ] GC(7) Survivor regions: 3->6(7)
[2024-10-07T16:49:17.063+0200][gc,heap     ] GC(7) Old regions: 15->15
[2024-10-07T16:49:17.063+0200][gc,heap     ] GC(7) Humongous regions: 249->129
[2024-10-07T16:49:17.063+0200][gc,metaspace] GC(7) Metaspace: 43511K(44288K)->43511K(44288K) NonClass: 38209K(38656K)->38209K(38656K) Class: 5302K(5632K)->5302K(5632K)
[2024-10-07T16:49:17.063+0200][gc          ] GC(7) Pause Young (Prepare Mixed) (G1 Evacuation Pause) 313M->149M(1024M) 15.304ms
[2024-10-07T16:49:17.063+0200][gc,cpu      ] GC(7) User=0.10s Sys=0.00s Real=0.01s
[2024-10-07T16:53:48.009+0200][gc,start    ] GC(8) Pause Young (Mixed) (G1 Evacuation Pause)
[2024-10-07T16:53:48.009+0200][gc,task     ] GC(8) Using 10 workers of 10 for evacuation
[2024-10-07T16:53:48.024+0200][gc,phases   ] GC(8)   Pre Evacuate Collection Set: 0.55ms
[2024-10-07T16:53:48.025+0200][gc,phases   ] GC(8)   Merge Heap Roots: 0.30ms
[2024-10-07T16:53:48.025+0200][gc,phases   ] GC(8)   Evacuate Collection Set: 12.94ms
[2024-10-07T16:53:48.025+0200][gc,phases   ] GC(8)   Post Evacuate Collection Set: 1.41ms
[2024-10-07T16:53:48.025+0200][gc,phases   ] GC(8)   Other: 0.20ms
[2024-10-07T16:53:48.025+0200][gc,heap     ] GC(8) Eden regions: 45->0(48)
[2024-10-07T16:53:48.025+0200][gc,heap     ] GC(8) Survivor regions: 6->3(7)
[2024-10-07T16:53:48.025+0200][gc,heap     ] GC(8) Old regions: 15->19
[2024-10-07T16:53:48.025+0200][gc,heap     ] GC(8) Humongous regions: 129->129
[2024-10-07T16:53:48.025+0200][gc,metaspace] GC(8) Metaspace: 43757K(44544K)->43757K(44544K) NonClass: 38442K(38912K)->38442K(38912K) Class: 5315K(5632K)->5315K(5632K)
[2024-10-07T16:53:48.025+0200][gc          ] GC(8) Pause Young (Mixed) (G1 Evacuation Pause) 194M->150M(1024M) 16.069ms
[2024-10-07T16:53:48.025+0200][gc,cpu      ] GC(8) User=0.12s Sys=0.00s Real=0.01s
[2024-10-07T16:59:16.765+0200][gc,start    ] GC(9) Pause Young (Normal) (G1 Evacuation Pause)
[2024-10-07T16:59:16.766+0200][gc,task     ] GC(9) Using 10 workers of 10 for evacuation
[2024-10-07T16:59:16.777+0200][gc,phases   ] GC(9)   Pre Evacuate Collection Set: 0.49ms
[2024-10-07T16:59:16.777+0200][gc,phases   ] GC(9)   Merge Heap Roots: 0.19ms
[2024-10-07T16:59:16.777+0200][gc,phases   ] GC(9)   Evacuate Collection Set: 9.89ms
[2024-10-07T16:59:16.777+0200][gc,phases   ] GC(9)   Post Evacuate Collection Set: 0.98ms
[2024-10-07T16:59:16.778+0200][gc,phases   ] GC(9)   Other: 0.20ms
[2024-10-07T16:59:16.778+0200][gc,heap     ] GC(9) Eden regions: 48->0(44)
[2024-10-07T16:59:16.778+0200][gc,heap     ] GC(9) Survivor regions: 3->7(7)
[2024-10-07T16:59:16.778+0200][gc,heap     ] GC(9) Old regions: 19->19
[2024-10-07T16:59:16.778+0200][gc,heap     ] GC(9) Humongous regions: 129->129
[2024-10-07T16:59:16.778+0200][gc,metaspace] GC(9) Metaspace: 43905K(44800K)->43905K(44800K) NonClass: 38570K(39104K)->38570K(39104K) Class: 5335K(5696K)->5335K(5696K)
[2024-10-07T16:59:16.778+0200][gc          ] GC(9) Pause Young (Normal) (G1 Evacuation Pause) 198M->153M(1024M) 12.398ms
[2024-10-07T16:59:16.778+0200][gc,cpu      ] GC(9) User=0.08s Sys=0.01s Real=0.02s
[2024-10-07T17:04:48.229+0200][gc,start    ] GC(10) Pause Young (Normal) (G1 Evacuation Pause)
[2024-10-07T17:04:48.229+0200][gc,task     ] GC(10) Using 10 workers of 10 for evacuation
[2024-10-07T17:04:48.240+0200][gc,phases   ] GC(10)   Pre Evacuate Collection Set: 0.29ms
[2024-10-07T17:04:48.240+0200][gc,phases   ] GC(10)   Merge Heap Roots: 0.09ms
[2024-10-07T17:04:48.240+0200][gc,phases   ] GC(10)   Evacuate Collection Set: 10.20ms
[2024-10-07T17:04:48.240+0200][gc,phases   ] GC(10)   Post Evacuate Collection Set: 0.54ms
[2024-10-07T17:04:48.240+0200][gc,phases   ] GC(10)   Other: 0.14ms
[2024-10-07T17:04:48.240+0200][gc,heap     ] GC(10) Eden regions: 44->0(45)
[2024-10-07T17:04:48.240+0200][gc,heap     ] GC(10) Survivor regions: 7->6(7)
[2024-10-07T17:04:48.240+0200][gc,heap     ] GC(10) Old regions: 19->25
[2024-10-07T17:04:48.240+0200][gc,heap     ] GC(10) Humongous regions: 129->129
[2024-10-07T17:04:48.240+0200][gc,metaspace] GC(10) Metaspace: 43937K(44800K)->43937K(44800K) NonClass: 38602K(39104K)->38602K(39104K) Class: 5335K(5696K)->5335K(5696K)
[2024-10-07T17:04:48.240+0200][gc          ] GC(10) Pause Young (Normal) (G1 Evacuation Pause) 197M->158M(1024M) 11.718ms
[2024-10-07T17:04:48.240+0200][gc,cpu      ] GC(10) User=0.08s Sys=0.00s Real=0.01s
[2024-10-07T17:10:25.770+0200][gc,start    ] GC(11) Pause Young (Normal) (G1 Evacuation Pause)
[2024-10-07T17:10:25.771+0200][gc,task     ] GC(11) Using 10 workers of 10 for evacuation
[2024-10-07T17:10:25.776+0200][gc,phases   ] GC(11)   Pre Evacuate Collection Set: 0.23ms
[2024-10-07T17:10:25.776+0200][gc,phases   ] GC(11)   Merge Heap Roots: 0.07ms
[2024-10-07T17:10:25.776+0200][gc,phases   ] GC(11)   Evacuate Collection Set: 4.63ms
[2024-10-07T17:10:25.776+0200][gc,phases   ] GC(11)   Post Evacuate Collection Set: 0.33ms
[2024-10-07T17:10:25.776+0200][gc,phases   ] GC(11)   Other: 0.08ms
[2024-10-07T17:10:25.776+0200][gc,heap     ] GC(11) Eden regions: 45->0(45)
[2024-10-07T17:10:25.776+0200][gc,heap     ] GC(11) Survivor regions: 6->6(7)
[2024-10-07T17:10:25.776+0200][gc,heap     ] GC(11) Old regions: 25->29
[2024-10-07T17:10:25.776+0200][gc,heap     ] GC(11) Humongous regions: 129->129
[2024-10-07T17:10:25.776+0200][gc,metaspace] GC(11) Metaspace: 43997K(44864K)->43997K(44864K) NonClass: 38661K(39168K)->38661K(39168K) Class: 5335K(5696K)->5335K(5696K)
[2024-10-07T17:10:25.776+0200][gc          ] GC(11) Pause Young (Normal) (G1 Evacuation Pause) 203M->163M(1024M) 5.600ms
[2024-10-07T17:10:25.776+0200][gc,cpu      ] GC(11) User=0.04s Sys=0.00s Real=0.00s
[2024-10-07T17:16:05.769+0200][gc,start    ] GC(12) Pause Young (Normal) (G1 Evacuation Pause)
[2024-10-07T17:16:05.769+0200][gc,task     ] GC(12) Using 10 workers of 10 for evacuation
[2024-10-07T17:16:05.790+0200][gc,mmu      ] GC(12) MMU target violated: 20.9ms (20.0ms/21.0ms)
[2024-10-07T17:16:05.790+0200][gc,phases   ] GC(12)   Pre Evacuate Collection Set: 0.82ms
[2024-10-07T17:16:05.791+0200][gc,phases   ] GC(12)   Merge Heap Roots: 0.25ms
[2024-10-07T17:16:05.791+0200][gc,phases   ] GC(12)   Evacuate Collection Set: 18.44ms
[2024-10-07T17:16:05.791+0200][gc,phases   ] GC(12)   Post Evacuate Collection Set: 1.26ms
[2024-10-07T17:16:05.791+0200][gc,phases   ] GC(12)   Other: 0.35ms
[2024-10-07T17:16:05.791+0200][gc,heap     ] GC(12) Eden regions: 45->0(45)
[2024-10-07T17:16:05.791+0200][gc,heap     ] GC(12) Survivor regions: 6->6(7)
[2024-10-07T17:16:05.791+0200][gc,heap     ] GC(12) Old regions: 29->33
[2024-10-07T17:16:05.791+0200][gc,heap     ] GC(12) Humongous regions: 129->129
[2024-10-07T17:16:05.791+0200][gc,metaspace] GC(12) Metaspace: 44073K(44928K)->44073K(44928K) NonClass: 38737K(39232K)->38737K(39232K) Class: 5336K(5696K)->5336K(5696K)
[2024-10-07T17:16:05.791+0200][gc          ] GC(12) Pause Young (Normal) (G1 Evacuation Pause) 208M->167M(1024M) 21.850ms
[2024-10-07T17:16:05.791+0200][gc,cpu      ] GC(12) User=0.13s Sys=0.02s Real=0.02s
[2024-10-07T17:21:44.190+0200][gc,start    ] GC(13) Pause Young (Normal) (G1 Evacuation Pause)
[2024-10-07T17:21:44.190+0200][gc,task     ] GC(13) Using 10 workers of 10 for evacuation
[2024-10-07T17:21:44.195+0200][gc,phases   ] GC(13)   Pre Evacuate Collection Set: 0.27ms
[2024-10-07T17:21:44.195+0200][gc,phases   ] GC(13)   Merge Heap Roots: 0.07ms
[2024-10-07T17:21:44.195+0200][gc,phases   ] GC(13)   Evacuate Collection Set: 4.66ms
[2024-10-07T17:21:44.195+0200][gc,phases   ] GC(13)   Post Evacuate Collection Set: 0.32ms
[2024-10-07T17:21:44.195+0200][gc,phases   ] GC(13)   Other: 0.08ms
[2024-10-07T17:21:44.195+0200][gc,heap     ] GC(13) Eden regions: 45->0(46)
[2024-10-07T17:21:44.195+0200][gc,heap     ] GC(13) Survivor regions: 6->5(7)
[2024-10-07T17:21:44.195+0200][gc,heap     ] GC(13) Old regions: 33->38
[2024-10-07T17:21:44.195+0200][gc,heap     ] GC(13) Humongous regions: 129->129
[2024-10-07T17:21:44.195+0200][gc,metaspace] GC(13) Metaspace: 44122K(44992K)->44122K(44992K) NonClass: 38785K(39296K)->38785K(39296K) Class: 5336K(5696K)->5336K(5696K)
[2024-10-07T17:21:44.195+0200][gc          ] GC(13) Pause Young (Normal) (G1 Evacuation Pause) 212M->171M(1024M) 5.673ms
[2024-10-07T17:21:44.195+0200][gc,cpu      ] GC(13) User=0.04s Sys=0.00s Real=0.00s
[2024-10-07T17:27:36.903+0200][gc,start    ] GC(14) Pause Young (Normal) (G1 Evacuation Pause)
[2024-10-07T17:27:36.903+0200][gc,task     ] GC(14) Using 10 workers of 10 for evacuation
[2024-10-07T17:27:36.915+0200][gc,phases   ] GC(14)   Pre Evacuate Collection Set: 0.53ms
[2024-10-07T17:27:36.915+0200][gc,phases   ] GC(14)   Merge Heap Roots: 0.09ms
[2024-10-07T17:27:36.915+0200][gc,phases   ] GC(14)   Evacuate Collection Set: 10.82ms
[2024-10-07T17:27:36.915+0200][gc,phases   ] GC(14)   Post Evacuate Collection Set: 0.38ms
[2024-10-07T17:27:36.915+0200][gc,phases   ] GC(14)   Other: 0.10ms
[2024-10-07T17:27:36.915+0200][gc,heap     ] GC(14) Eden regions: 46->0(45)
[2024-10-07T17:27:36.915+0200][gc,heap     ] GC(14) Survivor regions: 5->6(7)
[2024-10-07T17:27:36.915+0200][gc,heap     ] GC(14) Old regions: 38->43
[2024-10-07T17:27:36.915+0200][gc,heap     ] GC(14) Humongous regions: 129->129
[2024-10-07T17:27:36.915+0200][gc,metaspace] GC(14) Metaspace: 44143K(44992K)->44143K(44992K) NonClass: 38807K(39296K)->38807K(39296K) Class: 5336K(5696K)->5336K(5696K)
[2024-10-07T17:27:36.915+0200][gc          ] GC(14) Pause Young (Normal) (G1 Evacuation Pause) 217M->177M(1024M) 12.271ms
[2024-10-07T17:27:36.915+0200][gc,cpu      ] GC(14) User=0.07s Sys=0.00s Real=0.01s
[2024-10-07T17:33:26.562+0200][gc,start    ] GC(15) Pause Young (Normal) (G1 Evacuation Pause)
[2024-10-07T17:33:26.562+0200][gc,task     ] GC(15) Using 10 workers of 10 for evacuation
[2024-10-07T17:33:26.583+0200][gc,mmu      ] GC(15) MMU target violated: 20.9ms (20.0ms/21.0ms)
[2024-10-07T17:33:26.583+0200][gc,phases   ] GC(15)   Pre Evacuate Collection Set: 1.54ms
[2024-10-07T17:33:26.583+0200][gc,phases   ] GC(15)   Merge Heap Roots: 0.49ms
[2024-10-07T17:33:26.583+0200][gc,phases   ] GC(15)   Evacuate Collection Set: 18.04ms
[2024-10-07T17:33:26.583+0200][gc,phases   ] GC(15)   Post Evacuate Collection Set: 0.70ms
[2024-10-07T17:33:26.583+0200][gc,phases   ] GC(15)   Other: 0.31ms
[2024-10-07T17:33:26.583+0200][gc,heap     ] GC(15) Eden regions: 45->0(45)
[2024-10-07T17:33:26.583+0200][gc,heap     ] GC(15) Survivor regions: 6->6(7)
[2024-10-07T17:33:26.583+0200][gc,heap     ] GC(15) Old regions: 43->48
[2024-10-07T17:33:26.583+0200][gc,heap     ] GC(15) Humongous regions: 129->129
[2024-10-07T17:33:26.583+0200][gc,metaspace] GC(15) Metaspace: 44190K(45056K)->44190K(45056K) NonClass: 38853K(39360K)->38853K(39360K) Class: 5336K(5696K)->5336K(5696K)
[2024-10-07T17:33:26.583+0200][gc          ] GC(15) Pause Young (Normal) (G1 Evacuation Pause) 222M->182M(1024M) 21.582ms
[2024-10-07T17:33:26.583+0200][gc,cpu      ] GC(15) User=0.15s Sys=0.00s Real=0.02s
[2024-10-07T17:39:14.472+0200][gc,start    ] GC(16) Pause Young (Normal) (G1 Evacuation Pause)
[2024-10-07T17:39:14.472+0200][gc,task     ] GC(16) Using 10 workers of 10 for evacuation
[2024-10-07T17:39:14.488+0200][gc,phases   ] GC(16)   Pre Evacuate Collection Set: 0.43ms
[2024-10-07T17:39:14.488+0200][gc,phases   ] GC(16)   Merge Heap Roots: 0.28ms
[2024-10-07T17:39:14.488+0200][gc,phases   ] GC(16)   Evacuate Collection Set: 14.36ms
[2024-10-07T17:39:14.488+0200][gc,phases   ] GC(16)   Post Evacuate Collection Set: 0.74ms
[2024-10-07T17:39:14.488+0200][gc,phases   ] GC(16)   Other: 0.19ms
[2024-10-07T17:39:14.488+0200][gc,heap     ] GC(16) Eden regions: 45->0(45)
[2024-10-07T17:39:14.488+0200][gc,heap     ] GC(16) Survivor regions: 6->6(7)
[2024-10-07T17:39:14.488+0200][gc,heap     ] GC(16) Old regions: 48->52
[2024-10-07T17:39:14.488+0200][gc,heap     ] GC(16) Humongous regions: 129->129
[2024-10-07T17:39:14.488+0200][gc,metaspace] GC(16) Metaspace: 44202K(45056K)->44202K(45056K) NonClass: 38865K(39360K)->38865K(39360K) Class: 5336K(5696K)->5336K(5696K)
[2024-10-07T17:39:14.489+0200][gc          ] GC(16) Pause Young (Normal) (G1 Evacuation Pause) 227M->186M(1024M) 16.625ms
[2024-10-07T17:39:14.489+0200][gc,cpu      ] GC(16) User=0.12s Sys=0.01s Real=0.02s
