[2024-10-05 20:01:35,227] INFO [GroupCoordinator 0]: Dynamic member with unknown member id joins group authGroup in Stable state. Created a new member id consumer-authGroup-1-ce4053de-51de-41ac-af26-dca78b3e418a and request the member to rejoin with this id. (kafka.coordinator.group.GroupCoordinator)
[2024-10-05 20:01:35,236] INFO [GroupCoordinator 0]: Preparing to rebalance group authGroup in state PreparingRebalance with old generation 25 (__consumer_offsets-33) (reason: Adding new member consumer-authGroup-1-ce4053de-51de-41ac-af26-dca78b3e418a with group instance id None; client reason: rebalance failed due to MemberIdRequiredException) (kafka.coordinator.group.GroupCoordinator)
[2024-10-05 20:01:37,295] INFO [GroupCoordinator 0]: Stabilized group authGroup generation 26 (__consumer_offsets-33) with 2 members (kafka.coordinator.group.GroupCoordinator)
[2024-10-05 20:01:37,624] INFO [GroupCoordinator 0]: Assignment received from leader consumer-authGroup-1-89a62f30-0c99-48c5-b45a-768a5eb6d916 for group authGroup for generation 26. The group has 2 members, 0 of which are static. (kafka.coordinator.group.GroupCoordinator)
[2024-10-05 20:12:10,969] INFO [GroupCoordinator 0]: Dynamic member with unknown member id joins group authGroup in Stable state. Created a new member id consumer-authGroup-1-26a9aead-b409-4b63-b8cf-09cf4ee9f56f and request the member to rejoin with this id. (kafka.coordinator.group.GroupCoordinator)
[2024-10-05 20:12:10,974] INFO [GroupCoordinator 0]: Preparing to rebalance group authGroup in state PreparingRebalance with old generation 26 (__consumer_offsets-33) (reason: Adding new member consumer-authGroup-1-26a9aead-b409-4b63-b8cf-09cf4ee9f56f with group instance id None; client reason: rebalance failed due to MemberIdRequiredException) (kafka.coordinator.group.GroupCoordinator)
[2024-10-05 20:12:34,451] INFO [GroupCoordinator 0]: Member consumer-authGroup-1-ce4053de-51de-41ac-af26-dca78b3e418a in group authGroup has failed, removing it from the group (kafka.coordinator.group.GroupCoordinator)
[2024-10-05 20:12:34,452] INFO [GroupCoordinator 0]: Stabilized group authGroup generation 27 (__consumer_offsets-33) with 2 members (kafka.coordinator.group.GroupCoordinator)
[2024-10-05 20:12:34,458] INFO [GroupCoordinator 0]: Assignment received from leader consumer-authGroup-1-89a62f30-0c99-48c5-b45a-768a5eb6d916 for group authGroup for generation 27. The group has 2 members, 0 of which are static. (kafka.coordinator.group.GroupCoordinator)
[2024-10-05 20:17:01,395] INFO [GroupCoordinator 0]: Dynamic member with unknown member id joins group authGroup in Stable state. Created a new member id consumer-authGroup-1-082b9dec-4825-4205-94b3-cbe1604ec50c and request the member to rejoin with this id. (kafka.coordinator.group.GroupCoordinator)
[2024-10-05 20:17:01,514] INFO [GroupCoordinator 0]: Preparing to rebalance group authGroup in state PreparingRebalance with old generation 27 (__consumer_offsets-33) (reason: Adding new member consumer-authGroup-1-082b9dec-4825-4205-94b3-cbe1604ec50c with group instance id None; client reason: rebalance failed due to MemberIdRequiredException) (kafka.coordinator.group.GroupCoordinator)
[2024-10-05 20:17:28,515] INFO [GroupCoordinator 0]: Member consumer-authGroup-1-26a9aead-b409-4b63-b8cf-09cf4ee9f56f in group authGroup has failed, removing it from the group (kafka.coordinator.group.GroupCoordinator)
[2024-10-05 20:17:28,516] INFO [GroupCoordinator 0]: Stabilized group authGroup generation 28 (__consumer_offsets-33) with 2 members (kafka.coordinator.group.GroupCoordinator)
[2024-10-05 20:17:28,523] INFO [GroupCoordinator 0]: Assignment received from leader consumer-authGroup-1-89a62f30-0c99-48c5-b45a-768a5eb6d916 for group authGroup for generation 28. The group has 2 members, 0 of which are static. (kafka.coordinator.group.GroupCoordinator)
[2024-10-05 20:20:13,170] INFO [GroupCoordinator 0]: Dynamic member with unknown member id joins group authGroup in Stable state. Created a new member id consumer-authGroup-1-bfa75f6b-4593-4da8-9957-aebaa0ddfd71 and request the member to rejoin with this id. (kafka.coordinator.group.GroupCoordinator)
[2024-10-05 20:20:13,191] INFO [GroupCoordinator 0]: Preparing to rebalance group authGroup in state PreparingRebalance with old generation 28 (__consumer_offsets-33) (reason: Adding new member consumer-authGroup-1-bfa75f6b-4593-4da8-9957-aebaa0ddfd71 with group instance id None; client reason: rebalance failed due to MemberIdRequiredException) (kafka.coordinator.group.GroupCoordinator)
[2024-10-05 20:20:34,561] INFO [GroupCoordinator 0]: Member consumer-authGroup-1-082b9dec-4825-4205-94b3-cbe1604ec50c in group authGroup has failed, removing it from the group (kafka.coordinator.group.GroupCoordinator)
[2024-10-05 20:20:34,562] INFO [GroupCoordinator 0]: Stabilized group authGroup generation 29 (__consumer_offsets-33) with 2 members (kafka.coordinator.group.GroupCoordinator)
[2024-10-05 20:20:34,567] INFO [GroupCoordinator 0]: Assignment received from leader consumer-authGroup-1-89a62f30-0c99-48c5-b45a-768a5eb6d916 for group authGroup for generation 29. The group has 2 members, 0 of which are static. (kafka.coordinator.group.GroupCoordinator)
[2024-10-05 20:25:34,729] INFO [GroupCoordinator 0]: Preparing to rebalance group authGroup in state PreparingRebalance with old generation 29 (__consumer_offsets-33) (reason: Removing member consumer-authGroup-1-bfa75f6b-4593-4da8-9957-aebaa0ddfd71 on LeaveGroup; client reason: consumer poll timeout has expired.) (kafka.coordinator.group.GroupCoordinator)
[2024-10-05 20:25:34,730] INFO [GroupCoordinator 0]: Member MemberMetadata(memberId=consumer-authGroup-1-bfa75f6b-4593-4da8-9957-aebaa0ddfd71, groupInstanceId=None, clientId=consumer-authGroup-1, clientHost=/127.0.0.1, sessionTimeoutMs=45000, rebalanceTimeoutMs=300000, supportedProtocols=List(range, cooperative-sticky)) has left group authGroup through explicit `LeaveGroup`; client reason: consumer poll timeout has expired. (kafka.coordinator.group.GroupCoordinator)
[2024-10-05 20:25:37,622] INFO [GroupCoordinator 0]: Stabilized group authGroup generation 30 (__consumer_offsets-33) with 1 members (kafka.coordinator.group.GroupCoordinator)
[2024-10-05 20:25:37,625] INFO [GroupCoordinator 0]: Assignment received from leader consumer-authGroup-1-89a62f30-0c99-48c5-b45a-768a5eb6d916 for group authGroup for generation 30. The group has 1 members, 0 of which are static. (kafka.coordinator.group.GroupCoordinator)
[2024-10-05 20:30:35,245] INFO [GroupCoordinator 0]: Preparing to rebalance group authGroup in state PreparingRebalance with old generation 30 (__consumer_offsets-33) (reason: Leader consumer-authGroup-1-89a62f30-0c99-48c5-b45a-768a5eb6d916 re-joining group during Stable; client reason: cached metadata has changed) (kafka.coordinator.group.GroupCoordinator)
[2024-10-05 20:30:35,246] INFO [GroupCoordinator 0]: Stabilized group authGroup generation 31 (__consumer_offsets-33) with 1 members (kafka.coordinator.group.GroupCoordinator)
[2024-10-05 20:30:35,248] INFO [GroupCoordinator 0]: Assignment received from leader consumer-authGroup-1-89a62f30-0c99-48c5-b45a-768a5eb6d916 for group authGroup for generation 31. The group has 1 members, 0 of which are static. (kafka.coordinator.group.GroupCoordinator)
