[2024-10-05 23:03:39,510] INFO [Controller id=0 epoch=2] Changed partition quereq-0 state from NonExistentPartition to NewPartition with assigned replicas 0 (state.change.logger)
[2024-10-05 23:03:39,510] INFO [Controller id=0 epoch=2] Sending UpdateMetadata request to brokers HashSet() for 0 partitions (state.change.logger)
[2024-10-05 23:03:39,511] INFO [Controller id=0 epoch=2] Sending UpdateMetadata request to brokers HashSet() for 0 partitions (state.change.logger)
[2024-10-05 23:03:39,514] INFO [Controller id=0 epoch=2] Changed partition quereq-0 from NewPartition to OnlinePartition with state LeaderAndIsr(leader=0, leaderEpoch=0, isrWithBrokerEpoch=List(BrokerState(brokerId=0, brokerEpoch=-1)), leaderRecoveryState=RECOVERED, partitionEpoch=0) (state.change.logger)
[2024-10-05 23:03:39,514] INFO [Controller id=0 epoch=2] Sending LeaderAndIsr request to broker 0 with 1 become-leader and 0 become-follower partitions (state.change.logger)
[2024-10-05 23:03:39,514] INFO [Controller id=0 epoch=2] Sending UpdateMetadata request to brokers HashSet(0) for 1 partitions (state.change.logger)
[2024-10-05 23:03:39,514] INFO [Controller id=0 epoch=2] Sending UpdateMetadata request to brokers HashSet() for 0 partitions (state.change.logger)
[2024-10-05 23:03:39,515] INFO [Broker id=0] Handling LeaderAndIsr request correlationId 12 from controller 0 for 1 partitions (state.change.logger)
[2024-10-05 23:03:39,515] INFO [Broker id=0] Stopped fetchers as part of LeaderAndIsr request correlationId 12 from controller 0 epoch 2 as part of the become-leader transition for 1 partitions (state.change.logger)
[2024-10-05 23:03:39,518] INFO [Broker id=0] Leader quereq-0 with topic id Some(vKaGfbPVS_O80EwNGxzgBw) starts at leader epoch 0 from offset 0 with partition epoch 0, high watermark 0, ISR [0], adding replicas [] and removing replicas [] . Previous leader None and previous leader epoch was -1. (state.change.logger)
[2024-10-05 23:03:39,519] INFO [Broker id=0] Finished LeaderAndIsr request in 4ms correlationId 12 from controller 0 for 1 partitions (state.change.logger)
[2024-10-05 23:03:39,520] INFO [Broker id=0] Add 1 partitions and deleted 0 partitions from metadata cache in response to UpdateMetadata request sent by controller 0 epoch 2 with correlation id 13 (state.change.logger)
[2024-10-05 23:04:58,126] INFO [Controller id=0 epoch=2] Changed partition querep-0 state from NonExistentPartition to NewPartition with assigned replicas 0 (state.change.logger)
[2024-10-05 23:04:58,126] INFO [Controller id=0 epoch=2] Sending UpdateMetadata request to brokers HashSet() for 0 partitions (state.change.logger)
[2024-10-05 23:04:58,127] INFO [Controller id=0 epoch=2] Sending UpdateMetadata request to brokers HashSet() for 0 partitions (state.change.logger)
[2024-10-05 23:04:58,130] INFO [Controller id=0 epoch=2] Changed partition querep-0 from NewPartition to OnlinePartition with state LeaderAndIsr(leader=0, leaderEpoch=0, isrWithBrokerEpoch=List(BrokerState(brokerId=0, brokerEpoch=-1)), leaderRecoveryState=RECOVERED, partitionEpoch=0) (state.change.logger)
[2024-10-05 23:04:58,130] INFO [Controller id=0 epoch=2] Sending LeaderAndIsr request to broker 0 with 1 become-leader and 0 become-follower partitions (state.change.logger)
[2024-10-05 23:04:58,130] INFO [Controller id=0 epoch=2] Sending UpdateMetadata request to brokers HashSet(0) for 1 partitions (state.change.logger)
[2024-10-05 23:04:58,131] INFO [Controller id=0 epoch=2] Sending UpdateMetadata request to brokers HashSet() for 0 partitions (state.change.logger)
[2024-10-05 23:04:58,131] INFO [Broker id=0] Handling LeaderAndIsr request correlationId 14 from controller 0 for 1 partitions (state.change.logger)
[2024-10-05 23:04:58,131] INFO [Broker id=0] Stopped fetchers as part of LeaderAndIsr request correlationId 14 from controller 0 epoch 2 as part of the become-leader transition for 1 partitions (state.change.logger)
[2024-10-05 23:04:58,136] INFO [Broker id=0] Leader querep-0 with topic id Some(52EGu2ZHQgeMmesqTYNWDw) starts at leader epoch 0 from offset 0 with partition epoch 0, high watermark 0, ISR [0], adding replicas [] and removing replicas [] . Previous leader None and previous leader epoch was -1. (state.change.logger)
[2024-10-05 23:04:58,137] INFO [Broker id=0] Finished LeaderAndIsr request in 6ms correlationId 14 from controller 0 for 1 partitions (state.change.logger)
[2024-10-05 23:04:58,138] INFO [Broker id=0] Add 1 partitions and deleted 0 partitions from metadata cache in response to UpdateMetadata request sent by controller 0 epoch 2 with correlation id 15 (state.change.logger)
