[2024-10-07T23:34:21.057+0200][gc,init] CardTable entry size: 512
[2024-10-07T23:34:21.057+0200][gc     ] Using G1
[2024-10-07T23:34:21.063+0200][gc,init] Version: 22.0.2+9 (release)
[2024-10-07T23:34:21.063+0200][gc,init] CPUs: 12 total, 12 available
[2024-10-07T23:34:21.063+0200][gc,init] Memory: 31933M
[2024-10-07T23:34:21.063+0200][gc,init] Large Page Support: Disabled
[2024-10-07T23:34:21.063+0200][gc,init] NUMA Support: Disabled
[2024-10-07T23:34:21.063+0200][gc,init] Compressed Oops: Enabled (32-bit)
[2024-10-07T23:34:21.063+0200][gc,init] Heap Region Size: 1M
[2024-10-07T23:34:21.063+0200][gc,init] Heap Min Capacity: 512M
[2024-10-07T23:34:21.063+0200][gc,init] Heap Initial Capacity: 512M
[2024-10-07T23:34:21.063+0200][gc,init] Heap Max Capacity: 512M
[2024-10-07T23:34:21.063+0200][gc,init] Pre-touch: Disabled
[2024-10-07T23:34:21.063+0200][gc,init] Parallel Workers: 10
[2024-10-07T23:34:21.063+0200][gc,init] Concurrent Workers: 3
[2024-10-07T23:34:21.063+0200][gc,init] Concurrent Refinement Workers: 10
[2024-10-07T23:34:21.063+0200][gc,init] Periodic GC: Disabled
[2024-10-07T23:34:21.072+0200][gc,metaspace] CDS archive(s) mapped at: [0x00007f164e000000-0x00007f164ec75000-0x00007f164ec75000), size 13062144, SharedBaseAddress: 0x00007f164e000000, ArchiveRelocationMode: 1.
[2024-10-07T23:34:21.072+0200][gc,metaspace] Compressed class space mapped at: 0x00007f164f000000-0x00007f168f000000, reserved size: 1073741824
[2024-10-07T23:34:21.072+0200][gc,metaspace] Narrow klass base: 0x00007f164e000000, Narrow klass shift: 0, Narrow klass range: 0x100000000
[2024-10-07T23:34:33.666+0200][gc,start    ] GC(0) Pause Young (Normal) (G1 Evacuation Pause)
[2024-10-07T23:34:33.669+0200][gc,task     ] GC(0) Using 10 workers of 10 for evacuation
[2024-10-07T23:34:33.680+0200][gc,phases   ] GC(0)   Pre Evacuate Collection Set: 0.32ms
[2024-10-07T23:34:33.681+0200][gc,phases   ] GC(0)   Merge Heap Roots: 0.16ms
[2024-10-07T23:34:33.681+0200][gc,phases   ] GC(0)   Evacuate Collection Set: 9.07ms
[2024-10-07T23:34:33.681+0200][gc,phases   ] GC(0)   Post Evacuate Collection Set: 1.45ms
[2024-10-07T23:34:33.681+0200][gc,phases   ] GC(0)   Other: 3.11ms
[2024-10-07T23:34:33.681+0200][gc,heap     ] GC(0) Eden regions: 25->0(21)
[2024-10-07T23:34:33.681+0200][gc,heap     ] GC(0) Survivor regions: 0->4(4)
[2024-10-07T23:34:33.681+0200][gc,heap     ] GC(0) Old regions: 2->7
[2024-10-07T23:34:33.681+0200][gc,heap     ] GC(0) Humongous regions: 0->0
[2024-10-07T23:34:33.681+0200][gc,metaspace] GC(0) Metaspace: 7795K(7936K)->7795K(7936K) NonClass: 6966K(7040K)->6966K(7040K) Class: 828K(896K)->828K(896K)
[2024-10-07T23:34:33.681+0200][gc          ] GC(0) Pause Young (Normal) (G1 Evacuation Pause) 26M->9M(512M) 15.074ms
[2024-10-07T23:34:33.681+0200][gc,cpu      ] GC(0) User=0.07s Sys=0.02s Real=0.02s
[2024-10-08T00:19:09.068+0200][gc,heap,exit] Heap
[2024-10-08T00:19:09.151+0200][gc,heap,exit]  garbage-first heap   total reserved 524288K, committed 524288K, used 19912K [0x00000000e0000000, 0x0000000100000000)
[2024-10-08T00:19:09.151+0200][gc,heap,exit]   region size 1024K, 15 young (15360K), 4 survivors (4096K)
[2024-10-08T00:19:09.151+0200][gc,heap,exit]  Metaspace       used 9253K, committed 9472K, reserved 1114112K
[2024-10-08T00:19:09.151+0200][gc,heap,exit]   class space    used 960K, committed 1088K, reserved 1048576K
